<?xml version="1.0" encoding="UTF-8"?>
<!-- Generated by org.testng.reporters.JUnitReportReporter -->
<testsuite skipped="0" hostname="DEEPANSHU26" name="com.CRM_Testcase.DealsPageTest" tests="1" failures="0" timestamp="13 Oct 2019 21:30:35 GMT" time="18.858" errors="0">
  <testcase name="Test" time="18.858" classname="com.CRM_Testcase.DealsPageTest"/>
</testsuite> <!-- com.CRM_Testcase.DealsPageTest -->
