<?xml version="1.0" encoding="UTF-8"?>
<!-- Generated by org.testng.reporters.JUnitReportReporter -->
<testsuite skipped="0" hostname="DEEPANSHU26" name="com.CRM_Testcase.LoginPageTest" tests="2" failures="0" timestamp="14 Oct 2019 02:33:10 GMT" time="31.028" errors="0">
  <testcase name="loginPage_titleTest" time="16.026" classname="com.CRM_Testcase.LoginPageTest"/>
  <testcase name="logintest" time="15.002" classname="com.CRM_Testcase.LoginPageTest"/>
</testsuite> <!-- com.CRM_Testcase.LoginPageTest -->
