<?xml version="1.0" encoding="UTF-8"?>
<!-- Generated by org.testng.reporters.JUnitReportReporter -->
<testsuite skipped="0" hostname="DEEPANSHU26" name="com.CRM.testcase.LoginPageTest" tests="2" failures="0" timestamp="2019-11-21T02:37:25 IST" time="34.094" errors="0">
  <testcase name="loginPage_titleTest" time="15.289" classname="com.CRM.testcase.LoginPageTest"/>
  <testcase name="logintest" time="18.805" classname="com.CRM.testcase.LoginPageTest"/>
</testsuite> <!-- com.CRM.testcase.LoginPageTest -->
