<?xml version="1.0" encoding="UTF-8"?>
<!-- Generated by org.testng.reporters.JUnitReportReporter -->
<testsuite skipped="0" hostname="DEEPANSHU26" name="com.CRM_BaseClass.BaseClass" tests="1" failures="0" timestamp="13 Oct 2019 21:34:49 GMT" time="13.296" errors="0">
  <testcase name="launch_Browser" time="13.296" classname="com.CRM_BaseClass.BaseClass"/>
</testsuite> <!-- com.CRM_BaseClass.BaseClass -->
