<?xml version="1.0" encoding="UTF-8"?>
<!-- Generated by org.testng.reporters.JUnitReportReporter -->
<testsuite skipped="0" hostname="DEEPANSHU26" name="com.CRM.testcase.LoginPageTest" tests="2" failures="0" timestamp="20 Nov 2019 20:55:09 GMT" time="76.219" errors="0">
  <testcase name="loginPage_titleTest" time="24.843" classname="com.CRM.testcase.LoginPageTest"/>
  <testcase name="logintest" time="51.376" classname="com.CRM.testcase.LoginPageTest"/>
</testsuite> <!-- com.CRM.testcase.LoginPageTest -->
